TN:
SF:src\models\event.js
FN:3,ep
FN:4,(anonymous_1)
FN:9,(anonymous_2)
FN:11,free
FN:18,reup
FN:23,(anonymous_5)
FN:34,(anonymous_6)
FN:39,trigger
FNF:8
FNH:0
FNDA:0,ep
FNDA:0,(anonymous_1)
FNDA:0,(anonymous_2)
FNDA:0,free
FNDA:0,reup
FNDA:0,(anonymous_5)
FNDA:0,(anonymous_6)
FNDA:0,trigger
DA:4,0
DA:5,0
DA:6,0
DA:7,0
DA:9,0
DA:12,0
DA:13,0
DA:14,0
DA:15,0
DA:19,0
DA:20,0
DA:21,0
DA:24,0
DA:25,0
DA:29,0
DA:33,0
LF:16
LH:0
BRDA:12,0,0,0
BRDA:12,0,1,0
BRDA:19,1,0,0
BRDA:19,1,1,0
BRF:4
BRH:0
end_of_record
TN:
SF:src\models\tree.js
FN:22,(anonymous_0)
FN:30,(anonymous_1)
FN:32,(anonymous_2)
FN:38,(anonymous_3)
FN:42,(anonymous_4)
FN:46,(anonymous_5)
FN:67,(anonymous_6)
FN:70,(anonymous_7)
FN:76,(anonymous_8)
FN:81,(anonymous_9)
FN:83,(anonymous_10)
FN:88,(anonymous_11)
FN:90,find
FN:108,(anonymous_13)
FN:111,(anonymous_14)
FN:117,(anonymous_15)
FN:119,(anonymous_16)
FN:124,(anonymous_17)
FN:135,(anonymous_18)
FN:137,(anonymous_19)
FN:139,(anonymous_20)
FN:141,(anonymous_21)
FN:144,(anonymous_22)
FN:151,(anonymous_23)
FN:155,(anonymous_24)
FN:160,(anonymous_25)
FN:164,(anonymous_26)
FN:168,(anonymous_27)
FN:172,(anonymous_28)
FN:176,(anonymous_29)
FN:180,(anonymous_30)
FN:182,(anonymous_31)
FNF:32
FNH:15
FNDA:4,(anonymous_0)
FNDA:4,(anonymous_1)
FNDA:4,(anonymous_2)
FNDA:47,(anonymous_3)
FNDA:1,(anonymous_4)
FNDA:26,(anonymous_5)
FNDA:4,(anonymous_6)
FNDA:0,(anonymous_7)
FNDA:0,(anonymous_8)
FNDA:0,(anonymous_9)
FNDA:0,(anonymous_10)
FNDA:23,(anonymous_11)
FNDA:36,find
FNDA:45,(anonymous_13)
FNDA:9,(anonymous_14)
FNDA:3,(anonymous_15)
FNDA:5,(anonymous_16)
FNDA:10,(anonymous_17)
FNDA:0,(anonymous_18)
FNDA:0,(anonymous_19)
FNDA:0,(anonymous_20)
FNDA:0,(anonymous_21)
FNDA:0,(anonymous_22)
FNDA:10,(anonymous_23)
FNDA:0,(anonymous_24)
FNDA:0,(anonymous_25)
FNDA:0,(anonymous_26)
FNDA:0,(anonymous_27)
FNDA:0,(anonymous_28)
FNDA:0,(anonymous_29)
FNDA:0,(anonymous_30)
FNDA:0,(anonymous_31)
DA:6,7
DA:7,7
DA:17,7
DA:23,4
DA:24,4
DA:26,0
DA:31,4
DA:32,4
DA:33,4
DA:34,4
DA:39,47
DA:43,1
DA:47,26
DA:48,26
DA:49,18
DA:53,18
DA:54,17
DA:56,17
DA:57,17
DA:58,17
DA:61,26
DA:62,26
DA:64,26
DA:65,9
DA:67,26
DA:71,0
DA:72,0
DA:77,0
DA:82,0
DA:83,0
DA:84,0
DA:89,23
DA:91,36
DA:92,36
DA:93,36
DA:94,20
DA:96,16
DA:97,16
DA:98,14
DA:103,23
DA:104,22
DA:109,45
DA:112,9
DA:113,9
DA:118,3
DA:119,3
DA:120,5
DA:125,10
DA:126,10
DA:127,10
DA:128,10
DA:129,10
DA:130,10
DA:131,10
DA:132,10
DA:145,0
DA:152,10
DA:156,0
DA:157,0
DA:161,0
DA:165,0
DA:169,0
DA:173,0
LF:63
LH:49
BRDA:23,0,0,4
BRDA:23,0,1,0
BRDA:33,1,0,4
BRDA:33,1,1,0
BRDA:46,2,0,8
BRDA:46,3,0,22
BRDA:48,4,0,18
BRDA:48,4,1,8
BRDA:53,5,0,17
BRDA:53,5,1,1
BRDA:56,6,0,17
BRDA:56,6,1,9
BRDA:64,7,0,9
BRDA:64,7,1,17
BRDA:93,8,0,20
BRDA:93,8,1,16
BRDA:97,9,0,14
BRDA:97,9,1,2
BRDA:103,10,0,22
BRDA:103,10,1,1
BRDA:130,11,0,2
BRDA:130,11,1,8
BRDA:130,12,0,2
BRDA:130,12,1,6
BRDA:131,13,0,2
BRDA:131,13,1,8
BRF:26
BRH:24
end_of_record
TN:
SF:src\models\inputs\cursor.js
FN:6,(anonymous_0)
FN:7,(anonymous_1)
FN:8,(anonymous_2)
FN:9,(anonymous_3)
FNF:4
FNH:0
FNDA:0,(anonymous_0)
FNDA:0,(anonymous_1)
FNDA:0,(anonymous_2)
FNDA:0,(anonymous_3)
DA:4,0
LF:1
LH:0
BRF:0
BRH:0
end_of_record
TN:
SF:src\utils\array.js
FN:2,(anonymous_0)
FN:3,(anonymous_1)
FN:3,(anonymous_2)
FN:3,(anonymous_3)
FN:6,(anonymous_4)
FN:8,(anonymous_5)
FN:8,(anonymous_6)
FN:10,(anonymous_7)
FN:10,(anonymous_8)
FN:10,(anonymous_9)
FN:38,(anonymous_10)
FN:40,(anonymous_11)
FN:42,(anonymous_12)
FN:42,(anonymous_13)
FN:45,(anonymous_14)
FN:47,(anonymous_15)
FNF:16
FNH:16
FNDA:5,(anonymous_0)
FNDA:5,(anonymous_1)
FNDA:3,(anonymous_2)
FNDA:11,(anonymous_3)
FNDA:2,(anonymous_4)
FNDA:3,(anonymous_5)
FNDA:5,(anonymous_6)
FNDA:9,(anonymous_7)
FNDA:27,(anonymous_8)
FNDA:9,(anonymous_9)
FNDA:2,(anonymous_10)
FNDA:2,(anonymous_11)
FNDA:11,(anonymous_12)
FNDA:11,(anonymous_13)
FNDA:4,(anonymous_14)
FNDA:3,(anonymous_15)
DA:2,2
DA:3,11
DA:6,2
DA:8,5
DA:10,27
DA:11,9
DA:13,8
DA:14,8
DA:15,8
DA:17,8
DA:18,30
DA:20,30
DA:21,59
DA:22,59
DA:23,59
DA:25,59
DA:26,13
DA:30,30
DA:32,30
DA:35,8
DA:38,2
DA:40,2
DA:42,11
DA:43,11
DA:45,4
DA:47,3
LF:26
LH:26
BRDA:3,0,0,1
BRDA:10,1,0,6
BRDA:10,2,0,6
BRDA:10,3,0,18
BRDA:11,4,0,1
BRDA:11,4,1,8
BRDA:25,5,0,13
BRDA:25,5,1,46
BRF:8
BRH:8
end_of_record
TN:
SF:src\utils\asserts.js
FN:1,(anonymous_0)
FN:2,(anonymous_1)
FN:3,(anonymous_2)
FN:4,(anonymous_3)
FN:5,(anonymous_4)
FN:6,(anonymous_5)
FN:7,(anonymous_6)
FN:8,(anonymous_7)
FNF:8
FNH:8
FNDA:7,(anonymous_0)
FNDA:5,(anonymous_1)
FNDA:2,(anonymous_2)
FNDA:3,(anonymous_3)
FNDA:2,(anonymous_4)
FNDA:40,(anonymous_5)
FNDA:8,(anonymous_6)
FNDA:4,(anonymous_7)
DA:1,7
DA:2,5
DA:3,2
DA:4,3
DA:5,2
DA:6,40
DA:7,8
DA:8,4
LF:8
LH:8
BRDA:3,0,0,2
BRDA:3,0,1,1
BRDA:8,1,0,4
BRDA:8,1,1,3
BRF:4
BRH:4
end_of_record
TN:
SF:src\utils\async.js
FN:1,(anonymous_0)
FN:3,(anonymous_1)
FN:3,(anonymous_2)
FNF:3
FNH:3
FNDA:1,(anonymous_0)
FNDA:1,(anonymous_1)
FNDA:1,(anonymous_2)
DA:1,1
DA:3,1
LF:2
LH:2
BRF:0
BRH:0
end_of_record
TN:
SF:src\utils\fn.js
FN:3,(anonymous_0)
FN:3,(anonymous_1)
FN:5,clean
FN:10,(anonymous_3)
FN:12,(anonymous_4)
FN:12,(anonymous_5)
FNF:6
FNH:6
FNDA:2,(anonymous_0)
FNDA:2,(anonymous_1)
FNDA:2,clean
FNDA:1,(anonymous_3)
FNDA:4,(anonymous_4)
FNDA:4,(anonymous_5)
DA:3,2
DA:4,2
DA:5,2
DA:6,2
DA:10,1
DA:12,4
LF:6
LH:6
BRDA:3,0,0,1
BRDA:12,1,0,2
BRF:2
BRH:2
end_of_record
TN:
SF:src\utils\object.js
FN:1,entries
FN:3,(anonymous_1)
FN:12,(anonymous_2)
FN:12,(anonymous_3)
FN:15,deleteKeys
FN:16,(anonymous_5)
FN:17,(anonymous_6)
FNF:7
FNH:7
FNDA:7,entries
FNDA:2,(anonymous_1)
FNDA:5,(anonymous_2)
FNDA:6,(anonymous_3)
FNDA:2,deleteKeys
FNDA:2,(anonymous_5)
FNDA:2,(anonymous_6)
DA:2,7
DA:3,2
DA:4,2
DA:7,2
DA:8,2
DA:9,6
DA:12,6
DA:16,2
DA:17,2
DA:18,2
LF:10
LH:10
BRDA:2,0,0,2
BRDA:2,0,1,5
BRDA:2,1,0,7
BRDA:2,1,1,6
BRF:4
BRH:4
end_of_record
TN:
SF:src\utils\variables.js
FN:3,(anonymous_0)
FN:5,(anonymous_1)
FNF:2
FNH:2
FNDA:1,(anonymous_0)
FNDA:1,(anonymous_1)
DA:1,1
DA:3,1
DA:5,1
DA:6,1
DA:9,1
LF:5
LH:5
BRF:0
BRH:0
end_of_record
TN:
SF:src\utils\xhr.js
FN:1,boot
FN:3,(anonymous_1)
FN:5,(anonymous_2)
FN:8,(anonymous_3)
FN:22,(anonymous_4)
FN:23,(anonymous_5)
FN:24,(anonymous_6)
FNF:7
FNH:0
FNDA:0,boot
FNDA:0,(anonymous_1)
FNDA:0,(anonymous_2)
FNDA:0,(anonymous_3)
FNDA:0,(anonymous_4)
FNDA:0,(anonymous_5)
FNDA:0,(anonymous_6)
DA:2,0
DA:3,0
DA:4,0
DA:5,0
DA:6,0
DA:7,0
DA:8,0
DA:9,0
DA:10,0
DA:16,0
DA:17,0
DA:21,0
DA:22,0
DA:23,0
DA:24,0
LF:15
LH:0
BRDA:6,0,0,0
BRDA:6,0,1,0
BRF:2
BRH:0
end_of_record
TN:
SF:src\utils\math\vec.js
FNF:0
FNH:0
DA:2,0
DA:3,0
LF:2
LH:0
BRF:0
BRH:0
end_of_record
